<?xml version="1.0" encoding="UTF-8"?>
<!-- Generated by org.testng.reporters.JUnitReportReporter -->
<testsuite hostname="NEXAS" failures="0" tests="1" name="Module1_LoginTest.PBLogin_TestNg_Test1" time="26.060" errors="0" timestamp="2023-08-30T16:18:09 IST" skipped="0">
  <testcase classname="Module1_LoginTest.PBLogin_TestNg_Test1" name="VerifyFullname" time="26.060"/>
</testsuite> <!-- Module1_LoginTest.PBLogin_TestNg_Test1 -->
