<?xml version="1.0" encoding="UTF-8"?>
<!-- Generated by org.testng.reporters.JUnitReportReporter -->
<testsuite hostname="NEXAS" failures="0" tests="1" name="Module1_LoginTest.PBLogin_TestNg_Test1" time="30.202" errors="0" timestamp="2023-09-01T12:22:28 IST" skipped="0">
  <testcase classname="Module1_LoginTest.PBLogin_TestNg_Test1" name="VerifyFullname" time="30.202"/>
</testsuite> <!-- Module1_LoginTest.PBLogin_TestNg_Test1 -->
